<?xml version="1.0" encoding="UTF-8"?>
<!-- Generated by org.testng.reporters.JUnitReportReporter -->
<testsuite skipped="0" hostname="NG1-LHP-N06555" name="com.globallogic.test.AppTest" tests="1" failures="0" timestamp="04 Aug 2018 10:42:17 GMT" time="0.016" errors="0">
  <testcase name="shouldAnswerWithTrue" time="0.016" classname="com.globallogic.test.AppTest"/>
</testsuite> <!-- com.globallogic.test.AppTest -->
